<?xml version="1.0" encoding="UTF-8"?>
<!-- Generated by org.testng.reporters.JUnitReportReporter -->
<testsuite hostname="mindc1d271" failures="0" tests="1" name="com.mindtree.testcases.SearchTest" time="5.347" errors="0" timestamp="2022-05-18T23:02:26 IST" skipped="0">
  <testcase classname="com.mindtree.testcases.SearchTest" name="Search" time="5.347"/>
  <system-out/>
</testsuite> <!-- com.mindtree.testcases.SearchTest -->
